<?xml version="1.0" encoding="UTF-8"?>
<testng-results ignored="0" total="1" passed="1" failed="0" skipped="0">
  <reporter-output>
  </reporter-output>
  <suite started-at="2024-10-02T11:43:56 IST" name="MasterSuite" finished-at="2024-10-02T11:44:24 IST" duration-ms="28302">
    <groups>
      <group name="Master">
        <method signature="TC001_AccountResgistartionTest.verify_Accountregistration()[pri:0, instance:testCases.TC001_AccountResgistartionTest@6572421]" name="verify_Accountregistration" class="testCases.TC001_AccountResgistartionTest"/>
      </group> <!-- Master -->
      <group name="Regression">
        <method signature="TC001_AccountResgistartionTest.verify_Accountregistration()[pri:0, instance:testCases.TC001_AccountResgistartionTest@6572421]" name="verify_Accountregistration" class="testCases.TC001_AccountResgistartionTest"/>
      </group> <!-- Regression -->
    </groups>
    <test started-at="2024-10-02T11:43:56 IST" name="Test" finished-at="2024-10-02T11:44:24 IST" duration-ms="28302">
      <class name="testCases.TC001_AccountResgistartionTest">
        <test-method is-config="true" signature="setup(java.lang.String,java.lang.String)[pri:0, instance:testCases.TC001_AccountResgistartionTest@6572421]" started-at="2024-10-02T11:43:57 IST" name="setup" finished-at="2024-10-02T11:44:16 IST" duration-ms="19677" status="PASS">
          <params>
            <param index="0">
              <value>
                <![CDATA[Windows]]>
              </value>
            </param>
            <param index="1">
              <value>
                <![CDATA[chrome]]>
              </value>
            </param>
          </params>
          <reporter-output>
          </reporter-output>
        </test-method> <!-- setup -->
        <test-method signature="verify_Accountregistration()[pri:0, instance:testCases.TC001_AccountResgistartionTest@6572421]" started-at="2024-10-02T11:44:16 IST" name="verify_Accountregistration" finished-at="2024-10-02T11:44:23 IST" duration-ms="6432" status="PASS">
          <reporter-output>
          </reporter-output>
        </test-method> <!-- verify_Accountregistration -->
        <test-method is-config="true" signature="teardown()[pri:0, instance:testCases.TC001_AccountResgistartionTest@6572421]" started-at="2024-10-02T11:44:23 IST" name="teardown" finished-at="2024-10-02T11:44:24 IST" duration-ms="1121" status="PASS">
          <reporter-output>
          </reporter-output>
        </test-method> <!-- teardown -->
      </class> <!-- testCases.TC001_AccountResgistartionTest -->
    </test> <!-- Test -->
  </suite> <!-- MasterSuite -->
</testng-results>
